{"/Users/chiragvijayvergiya/Desktop/chirag/Automated Testing/app.js": {"path":"/Users/chiragvijayvergiya/Desktop/chirag/Automated Testing/app.js","statementMap":{"0":{"start":{"line":1,"column":16},"end":{"line":1,"column":34}},"1":{"start":{"line":2,"column":17},"end":{"line":2,"column":36}},"2":{"start":{"line":3,"column":19},"end":{"line":3,"column":48}},"3":{"start":{"line":4,"column":12},"end":{"line":4,"column":21}},"4":{"start":{"line":5,"column":0},"end":{"line":5,"column":24}},"5":{"start":{"line":6,"column":0},"end":{"line":6,"column":28}},"6":{"start":{"line":7,"column":0},"end":{"line":7,"column":21}}},"fnMap":{},"branchMap":{},"s":{"0":1,"1":1,"2":1,"3":1,"4":1,"5":1,"6":1},"f":{},"b":{},"_coverageSchema":"1a1c01bbd47fc00a2c39e90264f33305004495a9","hash":"a802d96a020cd71233da45de4390838bf307a8d8"}
,"/Users/chiragvijayvergiya/Desktop/chirag/Automated Testing/controllers/userController.js": {"path":"/Users/chiragvijayvergiya/Desktop/chirag/Automated Testing/controllers/userController.js","statementMap":{"0":{"start":{"line":1,"column":13},"end":{"line":1,"column":38}},"1":{"start":{"line":2,"column":17},"end":{"line":2,"column":36}},"2":{"start":{"line":17,"column":0},"end":{"line":35,"column":2}},"3":{"start":{"line":18,"column":4},"end":{"line":34,"column":5}},"4":{"start":{"line":19,"column":32},"end":{"line":19,"column":40}},"5":{"start":{"line":21,"column":8},"end":{"line":23,"column":9}},"6":{"start":{"line":22,"column":12},"end":{"line":22,"column":82}},"7":{"start":{"line":25,"column":29},"end":{"line":25,"column":58}},"8":{"start":{"line":26,"column":8},"end":{"line":28,"column":9}},"9":{"start":{"line":27,"column":12},"end":{"line":27,"column":75}},"10":{"start":{"line":30,"column":24},"end":{"line":30,"column":58}},"11":{"start":{"line":31,"column":8},"end":{"line":31,"column":38}},"12":{"start":{"line":33,"column":8},"end":{"line":33,"column":55}},"13":{"start":{"line":38,"column":0},"end":{"line":45,"column":2}},"14":{"start":{"line":39,"column":4},"end":{"line":44,"column":5}},"15":{"start":{"line":40,"column":22},"end":{"line":40,"column":39}},"16":{"start":{"line":41,"column":8},"end":{"line":41,"column":36}},"17":{"start":{"line":43,"column":8},"end":{"line":43,"column":65}},"18":{"start":{"line":48,"column":0},"end":{"line":66,"column":2}},"19":{"start":{"line":49,"column":4},"end":{"line":65,"column":5}},"20":{"start":{"line":50,"column":23},"end":{"line":50,"column":33}},"21":{"start":{"line":53,"column":8},"end":{"line":55,"column":9}},"22":{"start":{"line":54,"column":12},"end":{"line":54,"column":77}},"23":{"start":{"line":57,"column":21},"end":{"line":57,"column":44}},"24":{"start":{"line":58,"column":8},"end":{"line":60,"column":9}},"25":{"start":{"line":59,"column":12},"end":{"line":59,"column":69}},"26":{"start":{"line":62,"column":8},"end":{"line":62,"column":35}},"27":{"start":{"line":64,"column":8},"end":{"line":64,"column":65}}},"fnMap":{"0":{"name":"(anonymous_0)","decl":{"start":{"line":17,"column":21},"end":{"line":17,"column":22}},"loc":{"start":{"line":17,"column":41},"end":{"line":35,"column":1}},"line":17},"1":{"name":"(anonymous_1)","decl":{"start":{"line":38,"column":19},"end":{"line":38,"column":20}},"loc":{"start":{"line":38,"column":39},"end":{"line":45,"column":1}},"line":38},"2":{"name":"(anonymous_2)","decl":{"start":{"line":48,"column":22},"end":{"line":48,"column":23}},"loc":{"start":{"line":48,"column":42},"end":{"line":66,"column":1}},"line":48}},"branchMap":{"0":{"loc":{"start":{"line":21,"column":8},"end":{"line":23,"column":9}},"type":"if","locations":[{"start":{"line":21,"column":8},"end":{"line":23,"column":9}},{"start":{},"end":{}}],"line":21},"1":{"loc":{"start":{"line":21,"column":12},"end":{"line":21,"column":27}},"type":"binary-expr","locations":[{"start":{"line":21,"column":12},"end":{"line":21,"column":17}},{"start":{"line":21,"column":21},"end":{"line":21,"column":27}}],"line":21},"2":{"loc":{"start":{"line":26,"column":8},"end":{"line":28,"column":9}},"type":"if","locations":[{"start":{"line":26,"column":8},"end":{"line":28,"column":9}},{"start":{},"end":{}}],"line":26},"3":{"loc":{"start":{"line":53,"column":8},"end":{"line":55,"column":9}},"type":"if","locations":[{"start":{"line":53,"column":8},"end":{"line":55,"column":9}},{"start":{},"end":{}}],"line":53},"4":{"loc":{"start":{"line":58,"column":8},"end":{"line":60,"column":9}},"type":"if","locations":[{"start":{"line":58,"column":8},"end":{"line":60,"column":9}},{"start":{},"end":{}}],"line":58}},"s":{"0":1,"1":1,"2":1,"3":4,"4":4,"5":4,"6":1,"7":3,"8":3,"9":1,"10":2,"11":2,"12":0,"13":1,"14":1,"15":1,"16":1,"17":0,"18":1,"19":5,"20":5,"21":5,"22":2,"23":3,"24":3,"25":2,"26":1,"27":0},"f":{"0":4,"1":1,"2":5},"b":{"0":[1,3],"1":[4,4],"2":[1,2],"3":[2,3],"4":[2,1]},"_coverageSchema":"1a1c01bbd47fc00a2c39e90264f33305004495a9","hash":"d27da61622ca1a0e258c828f8e96d7e247708cd8"}
,"/Users/chiragvijayvergiya/Desktop/chirag/Automated Testing/models/User.js": {"path":"/Users/chiragvijayvergiya/Desktop/chirag/Automated Testing/models/User.js","statementMap":{"0":{"start":{"line":1,"column":17},"end":{"line":1,"column":36}},"1":{"start":{"line":2,"column":19},"end":{"line":5,"column":2}},"2":{"start":{"line":6,"column":0},"end":{"line":6,"column":52}}},"fnMap":{},"branchMap":{},"s":{"0":1,"1":1,"2":1},"f":{},"b":{},"_coverageSchema":"1a1c01bbd47fc00a2c39e90264f33305004495a9","hash":"0fe58aa1142a904c2cc163e8f60094efb331ce36"}
,"/Users/chiragvijayvergiya/Desktop/chirag/Automated Testing/routes/userRoute.js": {"path":"/Users/chiragvijayvergiya/Desktop/chirag/Automated Testing/routes/userRoute.js","statementMap":{"0":{"start":{"line":1,"column":16},"end":{"line":1,"column":34}},"1":{"start":{"line":2,"column":46},"end":{"line":2,"column":86}},"2":{"start":{"line":3,"column":15},"end":{"line":3,"column":31}},"3":{"start":{"line":5,"column":0},"end":{"line":5,"column":34}},"4":{"start":{"line":6,"column":0},"end":{"line":6,"column":31}},"5":{"start":{"line":7,"column":0},"end":{"line":7,"column":38}},"6":{"start":{"line":9,"column":0},"end":{"line":9,"column":24}}},"fnMap":{},"branchMap":{},"s":{"0":1,"1":1,"2":1,"3":1,"4":1,"5":1,"6":1},"f":{},"b":{},"_coverageSchema":"1a1c01bbd47fc00a2c39e90264f33305004495a9","hash":"9124e4a129794167f450918da6606d47a1fab91f"}
}
