TN:
SF:app.js
FNF:0
FNH:0
DA:1,1
DA:2,1
DA:3,1
DA:4,1
DA:5,1
DA:6,1
DA:7,1
LF:7
LH:7
BRF:0
BRH:0
end_of_record
TN:
SF:controllers/userController.js
FN:17,(anonymous_0)
FN:38,(anonymous_1)
FN:48,(anonymous_2)
FNF:3
FNH:3
FNDA:4,(anonymous_0)
FNDA:1,(anonymous_1)
FNDA:5,(anonymous_2)
DA:1,1
DA:2,1
DA:17,1
DA:18,4
DA:19,4
DA:21,4
DA:22,1
DA:25,3
DA:26,3
DA:27,1
DA:30,2
DA:31,2
DA:33,0
DA:38,1
DA:39,1
DA:40,1
DA:41,1
DA:43,0
DA:48,1
DA:49,5
DA:50,5
DA:53,5
DA:54,2
DA:57,3
DA:58,3
DA:59,2
DA:62,1
DA:64,0
LF:28
LH:25
BRDA:21,0,0,1
BRDA:21,0,1,3
BRDA:21,1,0,4
BRDA:21,1,1,4
BRDA:26,2,0,1
BRDA:26,2,1,2
BRDA:53,3,0,2
BRDA:53,3,1,3
BRDA:58,4,0,2
BRDA:58,4,1,1
BRF:10
BRH:10
end_of_record
TN:
SF:models/User.js
FNF:0
FNH:0
DA:1,1
DA:2,1
DA:6,1
LF:3
LH:3
BRF:0
BRH:0
end_of_record
TN:
SF:routes/userRoute.js
FNF:0
FNH:0
DA:1,1
DA:2,1
DA:3,1
DA:5,1
DA:6,1
DA:7,1
DA:9,1
LF:7
LH:7
BRF:0
BRH:0
end_of_record
